Base path: C:/Program Files/Unity/Editor/Data
Cmd: getPlatforms
Cmd: compileSnippet
  api=4 type=0 insize=608 outsize=1854 kw=SHADOWS_DEPTH _ALPHATEST_ON pd=UNITY_NO_SCREENSPACE_SHADOWS UNITY_ENABLE_REFLECTION_BUFFERS UNITY_PBS_USE_BRDF2 UNITY_HARDWARE_TIER3 ok=1
Cmd: compileSnippet
  api=4 type=1 insize=608 outsize=406 kw=SHADOWS_DEPTH _ALPHATEST_ON pd=UNITY_NO_SCREENSPACE_SHADOWS UNITY_ENABLE_REFLECTION_BUFFERS UNITY_PBS_USE_BRDF2 UNITY_HARDWARE_TIER3 ok=1
Cmd: compileSnippet
  api=4 type=0 insize=986 outsize=2302 kw=DIRECTIONAL SHADOWS_SCREEN LIGHTMAP_OFF DYNAMICLIGHTMAP_OFF _EMISSION _ALPHATEST_ON pd=UNITY_NO_SCREENSPACE_SHADOWS UNITY_ENABLE_REFLECTION_BUFFERS UNITY_PBS_USE_BRDF2 UNITY_HARDWARE_TIER3 ok=1
Cmd: compileSnippet
  api=4 type=1 insize=986 outsize=4678 kw=DIRECTIONAL SHADOWS_SCREEN LIGHTMAP_OFF DYNAMICLIGHTMAP_OFF _EMISSION _ALPHATEST_ON pd=UNITY_NO_SCREENSPACE_SHADOWS UNITY_ENABLE_REFLECTION_BUFFERS UNITY_PBS_USE_BRDF2 UNITY_HARDWARE_TIER3 ok=1
Cmd: compileSnippet
  api=4 type=0 insize=986 outsize=1946 kw=DIRECTIONAL LIGHTMAP_OFF DYNAMICLIGHTMAP_OFF _EMISSION _ALPHATEST_ON pd=UNITY_NO_SCREENSPACE_SHADOWS UNITY_ENABLE_REFLECTION_BUFFERS UNITY_PBS_USE_BRDF2 UNITY_HARDWARE_TIER3 ok=1
Cmd: compileSnippet
  api=4 type=1 insize=986 outsize=4450 kw=DIRECTIONAL LIGHTMAP_OFF DYNAMICLIGHTMAP_OFF _EMISSION _ALPHATEST_ON pd=UNITY_NO_SCREENSPACE_SHADOWS UNITY_ENABLE_REFLECTION_BUFFERS UNITY_PBS_USE_BRDF2 UNITY_HARDWARE_TIER3 ok=1
Cmd: compileSnippet
  api=4 type=0 insize=912 outsize=1626 kw=DIRECTIONAL _ALPHATEST_ON pd=UNITY_NO_SCREENSPACE_SHADOWS UNITY_ENABLE_REFLECTION_BUFFERS UNITY_PBS_USE_BRDF2 UNITY_HARDWARE_TIER3 ok=1
Cmd: compileSnippet
  api=4 type=1 insize=912 outsize=1974 kw=DIRECTIONAL _ALPHATEST_ON pd=UNITY_NO_SCREENSPACE_SHADOWS UNITY_ENABLE_REFLECTION_BUFFERS UNITY_PBS_USE_BRDF2 UNITY_HARDWARE_TIER3 ok=1
Cmd: compileSnippet
  api=4 type=0 insize=608 outsize=1854 kw=SHADOWS_DEPTH _ALPHABLEND_ON pd=UNITY_NO_SCREENSPACE_SHADOWS UNITY_ENABLE_REFLECTION_BUFFERS UNITY_PBS_USE_BRDF2 UNITY_HARDWARE_TIER3 ok=1
Cmd: compileSnippet
  api=4 type=1 insize=608 outsize=602 kw=SHADOWS_DEPTH _ALPHABLEND_ON pd=UNITY_NO_SCREENSPACE_SHADOWS UNITY_ENABLE_REFLECTION_BUFFERS UNITY_PBS_USE_BRDF2 UNITY_HARDWARE_TIER3 ok=1
Cmd: compileSnippet
  api=4 type=0 insize=986 outsize=1946 kw=DIRECTIONAL LIGHTMAP_OFF DYNAMICLIGHTMAP_OFF _EMISSION _ALPHABLEND_ON pd=UNITY_NO_SCREENSPACE_SHADOWS UNITY_ENABLE_REFLECTION_BUFFERS UNITY_PBS_USE_BRDF2 UNITY_HARDWARE_TIER3 ok=1
Cmd: compileSnippet
  api=4 type=1 insize=986 outsize=4374 kw=DIRECTIONAL LIGHTMAP_OFF DYNAMICLIGHTMAP_OFF _EMISSION _ALPHABLEND_ON pd=UNITY_NO_SCREENSPACE_SHADOWS UNITY_ENABLE_REFLECTION_BUFFERS UNITY_PBS_USE_BRDF2 UNITY_HARDWARE_TIER3 ok=1
Cmd: compileSnippet
  api=4 type=0 insize=912 outsize=1626 kw=DIRECTIONAL _ALPHABLEND_ON pd=UNITY_NO_SCREENSPACE_SHADOWS UNITY_ENABLE_REFLECTION_BUFFERS UNITY_PBS_USE_BRDF2 UNITY_HARDWARE_TIER3 ok=1
Cmd: compileSnippet
  api=4 type=1 insize=912 outsize=1882 kw=DIRECTIONAL _ALPHABLEND_ON pd=UNITY_NO_SCREENSPACE_SHADOWS UNITY_ENABLE_REFLECTION_BUFFERS UNITY_PBS_USE_BRDF2 UNITY_HARDWARE_TIER3 ok=1
Cmd: compileSnippet
  api=4 type=0 insize=608 outsize=1854 kw=SHADOWS_DEPTH _ALPHAPREMULTIPLY_ON pd=UNITY_NO_SCREENSPACE_SHADOWS UNITY_ENABLE_REFLECTION_BUFFERS UNITY_PBS_USE_BRDF2 UNITY_HARDWARE_TIER3 ok=1
Cmd: compileSnippet
  api=4 type=1 insize=608 outsize=602 kw=SHADOWS_DEPTH _ALPHAPREMULTIPLY_ON pd=UNITY_NO_SCREENSPACE_SHADOWS UNITY_ENABLE_REFLECTION_BUFFERS UNITY_PBS_USE_BRDF2 UNITY_HARDWARE_TIER3 ok=1
Cmd: compileSnippet
  api=4 type=0 insize=986 outsize=1946 kw=DIRECTIONAL LIGHTMAP_OFF DYNAMICLIGHTMAP_OFF _EMISSION _ALPHAPREMULTIPLY_ON pd=UNITY_NO_SCREENSPACE_SHADOWS UNITY_ENABLE_REFLECTION_BUFFERS UNITY_PBS_USE_BRDF2 UNITY_HARDWARE_TIER3 ok=1
Cmd: compileSnippet
  api=4 type=1 insize=986 outsize=4406 kw=DIRECTIONAL LIGHTMAP_OFF DYNAMICLIGHTMAP_OFF _EMISSION _ALPHAPREMULTIPLY_ON pd=UNITY_NO_SCREENSPACE_SHADOWS UNITY_ENABLE_REFLECTION_BUFFERS UNITY_PBS_USE_BRDF2 UNITY_HARDWARE_TIER3 ok=1
Cmd: compileSnippet
  api=4 type=0 insize=912 outsize=1626 kw=DIRECTIONAL _ALPHAPREMULTIPLY_ON pd=UNITY_NO_SCREENSPACE_SHADOWS UNITY_ENABLE_REFLECTION_BUFFERS UNITY_PBS_USE_BRDF2 UNITY_HARDWARE_TIER3 ok=1
Cmd: compileSnippet
  api=4 type=1 insize=912 outsize=1946 kw=DIRECTIONAL _ALPHAPREMULTIPLY_ON pd=UNITY_NO_SCREENSPACE_SHADOWS UNITY_ENABLE_REFLECTION_BUFFERS UNITY_PBS_USE_BRDF2 UNITY_HARDWARE_TIER3 ok=1
Cmd: compileSnippet
  api=4 type=0 insize=906 outsize=1966 kw=POINT pd=UNITY_NO_SCREENSPACE_SHADOWS UNITY_ENABLE_REFLECTION_BUFFERS UNITY_PBS_USE_BRDF2 UNITY_HARDWARE_TIER3 ok=1
Cmd: compileSnippet
  api=4 type=1 insize=906 outsize=2062 kw=POINT pd=UNITY_NO_SCREENSPACE_SHADOWS UNITY_ENABLE_REFLECTION_BUFFERS UNITY_PBS_USE_BRDF2 UNITY_HARDWARE_TIER3 ok=1
Cmd: compileSnippet
  api=4 type=0 insize=912 outsize=1966 kw=POINT pd=UNITY_NO_SCREENSPACE_SHADOWS UNITY_ENABLE_REFLECTION_BUFFERS UNITY_PBS_USE_BRDF2 UNITY_HARDWARE_TIER3 ok=1
Cmd: compileSnippet
  api=4 type=1 insize=912 outsize=2102 kw=POINT pd=UNITY_NO_SCREENSPACE_SHADOWS UNITY_ENABLE_REFLECTION_BUFFERS UNITY_PBS_USE_BRDF2 UNITY_HARDWARE_TIER3 ok=1
Cmd: compileSnippet
  api=4 type=0 insize=912 outsize=1966 kw=POINT _DETAIL_MULX2 pd=UNITY_NO_SCREENSPACE_SHADOWS UNITY_ENABLE_REFLECTION_BUFFERS UNITY_PBS_USE_BRDF2 UNITY_HARDWARE_TIER3 ok=1
Cmd: compileSnippet
  api=4 type=1 insize=912 outsize=2354 kw=POINT _DETAIL_MULX2 pd=UNITY_NO_SCREENSPACE_SHADOWS UNITY_ENABLE_REFLECTION_BUFFERS UNITY_PBS_USE_BRDF2 UNITY_HARDWARE_TIER3 ok=1
Cmd: compileSnippet
  api=4 type=0 insize=986 outsize=2302 kw=DIRECTIONAL SHADOWS_SCREEN LIGHTMAP_OFF DYNAMICLIGHTMAP_OFF pd=UNITY_NO_SCREENSPACE_SHADOWS UNITY_ENABLE_REFLECTION_BUFFERS UNITY_PBS_USE_BRDF2 UNITY_HARDWARE_TIER3 ok=1
Cmd: compileSnippet
  api=4 type=1 insize=986 outsize=4486 kw=DIRECTIONAL SHADOWS_SCREEN LIGHTMAP_OFF DYNAMICLIGHTMAP_OFF pd=UNITY_NO_SCREENSPACE_SHADOWS UNITY_ENABLE_REFLECTION_BUFFERS UNITY_PBS_USE_BRDF2 UNITY_HARDWARE_TIER3 ok=1
Cmd: compileSnippet
  api=4 type=0 insize=986 outsize=1946 kw=DIRECTIONAL LIGHTMAP_OFF DYNAMICLIGHTMAP_OFF pd=UNITY_NO_SCREENSPACE_SHADOWS UNITY_ENABLE_REFLECTION_BUFFERS UNITY_PBS_USE_BRDF2 UNITY_HARDWARE_TIER3 ok=1
Cmd: compileSnippet
  api=4 type=1 insize=986 outsize=4258 kw=DIRECTIONAL LIGHTMAP_OFF DYNAMICLIGHTMAP_OFF pd=UNITY_NO_SCREENSPACE_SHADOWS UNITY_ENABLE_REFLECTION_BUFFERS UNITY_PBS_USE_BRDF2 UNITY_HARDWARE_TIER3 ok=1
Cmd: compileSnippet
  api=4 type=0 insize=986 outsize=1946 kw=DIRECTIONAL LIGHTMAP_OFF DYNAMICLIGHTMAP_OFF _EMISSION _GLOSSYREFLECTIONS_OFF _DETAIL_MULX2 pd=UNITY_NO_SCREENSPACE_SHADOWS UNITY_ENABLE_REFLECTION_BUFFERS UNITY_PBS_USE_BRDF2 UNITY_HARDWARE_TIER3 ok=1
Cmd: compileSnippet
  api=4 type=1 insize=986 outsize=4194 kw=DIRECTIONAL LIGHTMAP_OFF DYNAMICLIGHTMAP_OFF _EMISSION _GLOSSYREFLECTIONS_OFF _DETAIL_MULX2 pd=UNITY_NO_SCREENSPACE_SHADOWS UNITY_ENABLE_REFLECTION_BUFFERS UNITY_PBS_USE_BRDF2 UNITY_HARDWARE_TIER3 ok=1
Cmd: compileSnippet
  api=4 type=0 insize=986 outsize=1946 kw=DIRECTIONAL LIGHTMAP_OFF DYNAMICLIGHTMAP_OFF _EMISSION _SPECULARHIGHLIGHTS_OFF _DETAIL_MULX2 pd=UNITY_NO_SCREENSPACE_SHADOWS UNITY_ENABLE_REFLECTION_BUFFERS UNITY_PBS_USE_BRDF2 UNITY_HARDWARE_TIER3 ok=1
Cmd: compileSnippet
  api=4 type=1 insize=986 outsize=3822 kw=DIRECTIONAL LIGHTMAP_OFF DYNAMICLIGHTMAP_OFF _EMISSION _SPECULARHIGHLIGHTS_OFF _DETAIL_MULX2 pd=UNITY_NO_SCREENSPACE_SHADOWS UNITY_ENABLE_REFLECTION_BUFFERS UNITY_PBS_USE_BRDF2 UNITY_HARDWARE_TIER3 ok=1
Cmd: compileSnippet
  api=4 type=0 insize=912 outsize=1626 kw=DIRECTIONAL _SPECULARHIGHLIGHTS_OFF _DETAIL_MULX2 pd=UNITY_NO_SCREENSPACE_SHADOWS UNITY_ENABLE_REFLECTION_BUFFERS UNITY_PBS_USE_BRDF2 UNITY_HARDWARE_TIER3 ok=1
Cmd: compileSnippet
  api=4 type=1 insize=912 outsize=1094 kw=DIRECTIONAL _SPECULARHIGHLIGHTS_OFF _DETAIL_MULX2 pd=UNITY_NO_SCREENSPACE_SHADOWS UNITY_ENABLE_REFLECTION_BUFFERS UNITY_PBS_USE_BRDF2 UNITY_HARDWARE_TIER3 ok=1
Cmd: compileSnippet
  api=4 type=0 insize=986 outsize=1946 kw=DIRECTIONAL LIGHTMAP_OFF DYNAMICLIGHTMAP_OFF _EMISSION _SMOOTHNESS_TEXTURE_ALBEDO_CHANNEL_A _DETAIL_MULX2 pd=UNITY_NO_SCREENSPACE_SHADOWS UNITY_ENABLE_REFLECTION_BUFFERS UNITY_PBS_USE_BRDF2 UNITY_HARDWARE_TIER3 ok=1
Cmd: compileSnippet
  api=4 type=1 insize=986 outsize=4614 kw=DIRECTIONAL LIGHTMAP_OFF DYNAMICLIGHTMAP_OFF _EMISSION _SMOOTHNESS_TEXTURE_ALBEDO_CHANNEL_A _DETAIL_MULX2 pd=UNITY_NO_SCREENSPACE_SHADOWS UNITY_ENABLE_REFLECTION_BUFFERS UNITY_PBS_USE_BRDF2 UNITY_HARDWARE_TIER3 ok=1
Cmd: compileSnippet
  api=4 type=0 insize=912 outsize=1626 kw=DIRECTIONAL _SMOOTHNESS_TEXTURE_ALBEDO_CHANNEL_A _DETAIL_MULX2 pd=UNITY_NO_SCREENSPACE_SHADOWS UNITY_ENABLE_REFLECTION_BUFFERS UNITY_PBS_USE_BRDF2 UNITY_HARDWARE_TIER3 ok=1
Cmd: compileSnippet
  api=4 type=1 insize=912 outsize=2158 kw=DIRECTIONAL _SMOOTHNESS_TEXTURE_ALBEDO_CHANNEL_A _DETAIL_MULX2 pd=UNITY_NO_SCREENSPACE_SHADOWS UNITY_ENABLE_REFLECTION_BUFFERS UNITY_PBS_USE_BRDF2 UNITY_HARDWARE_TIER3 ok=1
Cmd: compileSnippet
  api=4 type=0 insize=986 outsize=1946 kw=DIRECTIONAL LIGHTMAP_OFF DYNAMICLIGHTMAP_OFF _EMISSION _SMOOTHNESS_TEXTURE_ALBEDO_CHANNEL_A pd=UNITY_NO_SCREENSPACE_SHADOWS UNITY_ENABLE_REFLECTION_BUFFERS UNITY_PBS_USE_BRDF2 UNITY_HARDWARE_TIER3 ok=1
Cmd: compileSnippet
  api=4 type=1 insize=986 outsize=4374 kw=DIRECTIONAL LIGHTMAP_OFF DYNAMICLIGHTMAP_OFF _EMISSION _SMOOTHNESS_TEXTURE_ALBEDO_CHANNEL_A pd=UNITY_NO_SCREENSPACE_SHADOWS UNITY_ENABLE_REFLECTION_BUFFERS UNITY_PBS_USE_BRDF2 UNITY_HARDWARE_TIER3 ok=1
Cmd: compileSnippet
  api=4 type=0 insize=912 outsize=1626 kw=DIRECTIONAL _SMOOTHNESS_TEXTURE_ALBEDO_CHANNEL_A pd=UNITY_NO_SCREENSPACE_SHADOWS UNITY_ENABLE_REFLECTION_BUFFERS UNITY_PBS_USE_BRDF2 UNITY_HARDWARE_TIER3 ok=1
Cmd: compileSnippet
  api=4 type=1 insize=912 outsize=1906 kw=DIRECTIONAL _SMOOTHNESS_TEXTURE_ALBEDO_CHANNEL_A pd=UNITY_NO_SCREENSPACE_SHADOWS UNITY_ENABLE_REFLECTION_BUFFERS UNITY_PBS_USE_BRDF2 UNITY_HARDWARE_TIER3 ok=1
